2019-12-19 15:24:36: [dataHost=localhost1, dataSource=hostM1,statue=ok status -> error status]
2019-12-19 16:13:11: [dataHost=localhost1, dataSource=hostM1,statue=ok status -> error status]
2019-12-19 16:23:27: [dataHost=dbserver2, dataSource=hostM1,statue=ok status -> error status]
2019-12-19 16:23:27: [dataHost=dbserver1, dataSource=hostM1,statue=ok status -> error status]
2019-12-19 16:25:07: [dataHost=dbserver2, dataSource=hostM1,statue=error status -> timeout status]
2019-12-19 16:25:27: [dataHost=dbserver2, dataSource=hostM1,statue=timeout status -> error status]
2019-12-19 16:40:47: [dataHost=dbserver1, dataSource=hostM1,statue=error status -> timeout status]
2019-12-19 16:41:07: [dataHost=dbserver1, dataSource=hostM1,statue=timeout status -> error status]
2019-12-19 16:44:37: [dataHost=dbserver2, dataSource=hostM1,statue=error status -> timeout status]
2019-12-19 16:45:09: [dataHost=dbserver1, dataSource=hostM1,statue=ok status -> error status]
2019-12-19 16:45:09: [dataHost=dbserver2, dataSource=hostM1,statue=ok status -> error status]
2019-12-19 16:49:49: [dataHost=dbserver1, dataSource=hostM1,statue=error status -> timeout status]
2019-12-19 16:50:49: [dataHost=dbserver1, dataSource=hostM1,statue=timeout status -> error status]
2019-12-19 16:52:49: [dataHost=dbserver1, dataSource=hostM1,statue=error status -> timeout status]
2019-12-19 16:53:49: [dataHost=dbserver1, dataSource=hostM1,statue=timeout status -> error status]
2019-12-19 16:56:39: [dataHost=dbserver1, dataSource=hostM1,statue=error status -> timeout status]
2019-12-19 16:56:59: [dataHost=dbserver1, dataSource=hostM1,statue=timeout status -> error status]
2019-12-19 16:59:39: [dataHost=dbserver1, dataSource=hostM1,statue=error status -> timeout status]
2019-12-19 17:00:09: [dataHost=dbserver1, dataSource=hostM1,statue=timeout status -> error status]
2019-12-20 04:18:01: [dataHost=localhost1, dataSource=hostM1,statue=ok status -> error status]
2019-12-20 04:19:00: [dataHost=dbserver1, dataSource=hostM1,statue=ok status -> error status]
2019-12-20 04:19:00: [dataHost=dbserver2, dataSource=hostM1,statue=ok status -> error status]
2019-12-20 05:32:30: [dataHost=localhost1, dataSource=hostM1,statue=ok status -> error status]
2019-12-20 05:33:09: [dataHost=dbserver1, dataSource=hostM1,statue=ok status -> error status]
2019-12-20 05:33:09: [dataHost=dbserver2, dataSource=hostM1,statue=ok status -> error status]
2019-12-20 08:05:56: [dataHost=dbserver2, dataSource=hostM1,statue=ok status -> error status]
2019-12-20 08:05:56: [dataHost=dbserver1, dataSource=hostM1,statue=ok status -> error status]
2019-12-20 08:05:58: [dataHost=localhost1, dataSource=hostM1,statue=ok status -> error status]
2019-12-20 08:18:05: [dataHost=dbserver2, dataSource=hostM1,statue=ok status -> error status]
2019-12-20 08:18:05: [dataHost=dbserver1, dataSource=hostM1,statue=ok status -> error status]
2019-12-20 08:18:07: [dataHost=localhost1, dataSource=hostM1,statue=ok status -> error status]
2019-12-20 08:21:45: [dataHost=localhost1, dataSource=hostM1,statue=error status -> ok status]
2019-12-20 08:52:30: [dataHost=dbserver2, dataSource=hostM1,statue=ok status -> error status]
2019-12-20 08:52:30: [dataHost=dbserver1, dataSource=hostM1,statue=ok status -> error status]
2019-12-20 08:55:10: [dataHost=dbserver2, dataSource=hostM1,statue=error status -> timeout status]
2019-12-20 08:55:30: [dataHost=dbserver2, dataSource=hostM1,statue=timeout status -> error status]
2019-12-20 21:19:00: [dataHost=localhost1, dataSource=hostM1,statue=ok status -> error status]
2019-12-20 21:19:58: [dataHost=dbserver1, dataSource=hostM1,statue=ok status -> error status]
2019-12-20 21:19:58: [dataHost=dbserver2, dataSource=hostM1,statue=ok status -> error status]
2019-12-20 21:25:16: [dataHost=localhost1, dataSource=hostM1,statue=ok status -> error status]
2019-12-20 21:26:15: [dataHost=dbserver2, dataSource=hostM1,statue=ok status -> error status]
2019-12-20 21:26:15: [dataHost=dbserver1, dataSource=hostM1,statue=ok status -> error status]
2019-12-21 09:30:30: [dataHost=dbserver2, dataSource=hostM1,statue=ok status -> error status]
2019-12-21 09:30:30: [dataHost=dbserver1, dataSource=hostM1,statue=ok status -> error status]
2019-12-21 09:30:32: [dataHost=localhost1, dataSource=hostM1,statue=ok status -> error status]
2019-12-21 09:46:28: [dataHost=dbserver2, dataSource=hostM1,statue=ok status -> error status]
2019-12-21 09:46:29: [dataHost=dbserver1, dataSource=hostM1,statue=ok status -> error status]
2019-12-21 09:46:30: [dataHost=localhost1, dataSource=hostM1,statue=ok status -> error status]
2019-12-21 14:05:17: [dataHost=dbserver1, dataSource=hostM1,statue=ok status -> error status]
2019-12-21 14:05:17: [dataHost=dbserver2, dataSource=hostM1,statue=ok status -> error status]
2019-12-21 14:05:19: [dataHost=localhost1, dataSource=hostM1,statue=ok status -> error status]
2019-12-21 14:31:58: [dataHost=localhost1, dataSource=hostM1,statue=error status -> ok status]
2019-12-21 14:38:28: [dataHost=dbserver2, dataSource=hostM1,statue=error status -> timeout status]
2019-12-21 14:38:48: [dataHost=dbserver2, dataSource=hostM1,statue=timeout status -> error status]
2019-12-21 17:18:40: [dataHost=localhost1, dataSource=hostM1,statue=ok status -> error status]
2019-12-21 17:18:59: [dataHost=dbserver1, dataSource=hostM1,statue=ok status -> error status]
2019-12-21 17:18:59: [dataHost=dbserver2, dataSource=hostM1,statue=ok status -> error status]
2019-12-22 06:13:56: [dataHost=localhost1, dataSource=hostM1,statue=ok status -> error status]
2019-12-22 06:14:35: [dataHost=dbserver2, dataSource=hostM1,statue=ok status -> error status]
2019-12-22 06:14:35: [dataHost=dbserver1, dataSource=hostM1,statue=ok status -> error status]
2019-12-22 22:11:41: [dataHost=localhost1, dataSource=hostM1,statue=ok status -> error status]
2019-12-22 22:12:40: [dataHost=dbserver1, dataSource=hostM1,statue=ok status -> error status]
2019-12-22 22:12:40: [dataHost=dbserver2, dataSource=hostM1,statue=ok status -> error status]
2019-12-23 08:12:26: [dataHost=dbserver2, dataSource=hostM1,statue=ok status -> error status]
2019-12-23 08:12:26: [dataHost=dbserver1, dataSource=hostM1,statue=ok status -> error status]
2019-12-23 08:12:28: [dataHost=localhost1, dataSource=hostM1,statue=ok status -> error status]
2019-12-23 08:45:26: [dataHost=localhost1, dataSource=hostM1,statue=error status -> ok status]
2019-12-23 09:49:43: [dataHost=dbserver1, dataSource=hostM1,statue=ok status -> error status]
2019-12-23 09:49:44: [dataHost=dbserver2, dataSource=hostM1,statue=ok status -> error status]
2019-12-23 10:10:53: [dataHost=dbserver1, dataSource=hostM1,statue=error status -> timeout status]
2019-12-23 10:11:13: [dataHost=dbserver1, dataSource=hostM1,statue=timeout status -> error status]
2019-12-23 10:12:48: [dataHost=dbserver1, dataSource=hostM1,statue=ok status -> error status]
2019-12-23 10:13:35: [dataHost=dbserver2, dataSource=hostM1,statue=ok status -> error status]
2019-12-23 10:32:51: [dataHost=dbserver1, dataSource=hostM1,statue=ok status -> error status]
2019-12-23 10:37:21: [dataHost=dbserver1, dataSource=hostM1,statue=ok status -> error status]
2019-12-23 10:37:21: [dataHost=dbserver2, dataSource=hostM1,statue=ok status -> error status]
2019-12-23 10:39:18: [dataHost=dbserver1, dataSource=hostM1,statue=ok status -> error status]
2019-12-23 10:39:18: [dataHost=dbserver2, dataSource=hostM1,statue=ok status -> error status]
2019-12-23 11:32:08: [dataHost=localhost1, dataSource=hostM1,statue=ok status -> error status]
2019-12-23 11:32:46: [dataHost=localhost1, dataSource=hostM1,statue=error status -> ok status]
2019-12-23 15:03:25: [dataHost=localhost1, dataSource=hostM1,statue=ok status -> error status]
2019-12-23 18:28:13: [dataHost=localhost1, dataSource=hostM1,statue=ok status -> error status]
2019-12-23 18:31:17: [dataHost=localhost1, dataSource=hostM1,statue=ok status -> error status]
2019-12-23 18:43:27: [dataHost=localhost1, dataSource=hostM1,statue=ok status -> error status]
2019-12-24 08:11:14: [dataHost=localhost1, dataSource=hostM1,statue=ok status -> error status]
2019-12-24 15:03:19: [dataHost=localhost1, dataSource=hostM1,statue=ok status -> error status]
2019-12-24 17:12:07: [dataHost=localhost1, dataSource=hostM1,statue=error status -> ok status]
2019-12-24 17:34:09: [dataHost=localhost1, dataSource=hostM1,statue=ok status -> error status]
2019-12-24 18:22:14: [dataHost=localhost1, dataSource=hostM1,statue=ok status -> error status]
2019-12-24 20:48:24: [dataHost=localhost1, dataSource=hostM1,statue=ok status -> error status]
2019-12-24 20:49:23: [dataHost=dbserver2, dataSource=hostM1,statue=ok status -> error status]
2019-12-24 20:49:23: [dataHost=dbserver1, dataSource=hostM1,statue=ok status -> error status]
2019-12-25 08:15:27: [dataHost=localhost1, dataSource=hostM1,statue=ok status -> error status]
2019-12-25 09:10:33: [dataHost=localhost1, dataSource=hostM1,statue=ok status -> error status]
2019-12-25 14:47:33: [dataHost=localhost1, dataSource=hostM1,statue=ok status -> error status]
2019-12-25 20:24:16: [dataHost=localhost1, dataSource=hostM1,statue=ok status -> error status]
2019-12-25 20:25:15: [dataHost=dbserver2, dataSource=hostM1,statue=ok status -> error status]
2019-12-25 20:25:15: [dataHost=dbserver1, dataSource=hostM1,statue=ok status -> error status]
2019-12-26 08:14:02: [dataHost=localhost1, dataSource=hostM1,statue=ok status -> error status]
2019-12-26 14:36:31: [dataHost=localhost1, dataSource=hostM1,statue=ok status -> error status]
2019-12-26 17:02:19: [dataHost=localhost1, dataSource=hostM1,statue=ok status -> error status]
2019-12-26 19:14:45: [dataHost=localhost1, dataSource=hostM1,statue=ok status -> error status]
2019-12-26 20:53:14: [dataHost=dbserver1, dataSource=hostM1,statue=ok status -> error status]
2019-12-26 20:53:15: [dataHost=dbserver2, dataSource=hostM1,statue=ok status -> error status]
2019-12-26 20:53:16: [dataHost=localhost1, dataSource=hostM1,statue=ok status -> error status]
2019-12-27 04:10:28: [dataHost=localhost1, dataSource=hostM1,statue=ok status -> error status]
2019-12-27 04:11:26: [dataHost=dbserver2, dataSource=hostM1,statue=ok status -> error status]
2019-12-27 04:11:26: [dataHost=dbserver1, dataSource=hostM1,statue=ok status -> error status]
2019-12-27 04:20:44: [dataHost=localhost1, dataSource=hostM1,statue=ok status -> error status]
2019-12-27 04:21:23: [dataHost=dbserver1, dataSource=hostM1,statue=ok status -> error status]
2019-12-27 04:21:23: [dataHost=dbserver2, dataSource=hostM1,statue=ok status -> error status]
2019-12-27 05:54:32: [dataHost=localhost1, dataSource=hostM1,statue=ok status -> error status]
2019-12-27 05:55:31: [dataHost=dbserver2, dataSource=hostM1,statue=ok status -> error status]
2019-12-27 05:55:31: [dataHost=dbserver1, dataSource=hostM1,statue=ok status -> error status]
2019-12-27 08:18:21: [dataHost=localhost1, dataSource=hostM1,statue=ok status -> error status]
2019-12-27 13:48:14: [dataHost=localhost1, dataSource=hostM1,statue=ok status -> error status]
2019-12-27 21:19:51: [dataHost=localhost1, dataSource=hostM1,statue=ok status -> error status]
2019-12-27 21:20:49: [dataHost=localhost1, dataSource=hostM1,statue=error status -> ok status]
2019-12-27 21:20:50: [dataHost=dbserver1, dataSource=hostM1,statue=ok status -> error status]
2019-12-27 21:20:50: [dataHost=dbserver2, dataSource=hostM1,statue=ok status -> error status]
2019-12-27 21:29:01: [dataHost=localhost1, dataSource=hostM1,statue=ok status -> error status]
2019-12-27 21:31:37: [dataHost=localhost1, dataSource=hostM1,statue=ok status -> error status]
2019-12-27 21:32:35: [dataHost=dbserver1, dataSource=hostM1,statue=ok status -> error status]
2019-12-27 21:32:35: [dataHost=dbserver2, dataSource=hostM1,statue=ok status -> error status]
2019-12-27 22:00:10: [dataHost=localhost1, dataSource=hostM1,statue=ok status -> error status]
2019-12-27 22:01:09: [dataHost=dbserver1, dataSource=hostM1,statue=ok status -> error status]
2019-12-27 22:01:09: [dataHost=dbserver2, dataSource=hostM1,statue=ok status -> error status]
2019-12-28 08:28:35: [dataHost=localhost1, dataSource=hostM1,statue=ok status -> error status]
2019-12-28 08:39:17: [dataHost=localhost1, dataSource=hostM1,statue=ok status -> error status]
2019-12-28 08:45:56: [dataHost=localhost1, dataSource=hostM1,statue=error status -> ok status]
2019-12-28 15:02:07: [dataHost=localhost1, dataSource=hostM1,statue=ok status -> error status]
2019-12-29 05:04:50: [dataHost=localhost1, dataSource=hostM1,statue=ok status -> error status]
2019-12-29 05:05:28: [dataHost=dbserver1, dataSource=hostM1,statue=ok status -> error status]
2019-12-29 05:05:28: [dataHost=dbserver2, dataSource=hostM1,statue=ok status -> error status]
2019-12-29 05:15:10: [dataHost=localhost1, dataSource=hostM1,statue=ok status -> error status]
2019-12-29 05:16:09: [dataHost=dbserver2, dataSource=hostM1,statue=ok status -> error status]
2019-12-29 05:16:09: [dataHost=dbserver1, dataSource=hostM1,statue=ok status -> error status]
2019-12-29 09:04:02: [dataHost=localhost1, dataSource=hostM1,statue=ok status -> error status]
2019-12-29 09:05:01: [dataHost=dbserver2, dataSource=hostM1,statue=ok status -> error status]
2019-12-29 09:05:01: [dataHost=dbserver1, dataSource=hostM1,statue=ok status -> error status]
2019-12-29 09:15:41: [dataHost=localhost1, dataSource=hostM1,statue=ok status -> error status]
2019-12-29 09:16:40: [dataHost=dbserver2, dataSource=hostM1,statue=ok status -> error status]
2019-12-29 09:16:40: [dataHost=dbserver1, dataSource=hostM1,statue=ok status -> error status]
2019-12-29 10:11:30: [dataHost=localhost1, dataSource=hostM1,statue=ok status -> error status]
2019-12-29 10:12:08: [dataHost=dbserver2, dataSource=hostM1,statue=ok status -> error status]
2019-12-29 10:12:08: [dataHost=dbserver1, dataSource=hostM1,statue=ok status -> error status]
2019-12-29 20:04:21: [dataHost=localhost1, dataSource=hostM1,statue=ok status -> error status]
2019-12-29 20:04:40: [dataHost=dbserver2, dataSource=hostM1,statue=ok status -> error status]
2019-12-29 20:04:40: [dataHost=dbserver1, dataSource=hostM1,statue=ok status -> error status]
2019-12-29 20:16:03: [dataHost=localhost1, dataSource=hostM1,statue=ok status -> error status]
2019-12-29 20:17:01: [dataHost=dbserver2, dataSource=hostM1,statue=ok status -> error status]
2019-12-29 20:17:01: [dataHost=dbserver1, dataSource=hostM1,statue=ok status -> error status]
2019-12-30 04:08:18: [dataHost=localhost1, dataSource=hostM1,statue=ok status -> error status]
2019-12-30 04:09:17: [dataHost=dbserver2, dataSource=hostM1,statue=ok status -> error status]
2019-12-30 04:09:17: [dataHost=dbserver1, dataSource=hostM1,statue=ok status -> error status]
2019-12-30 05:36:55: [dataHost=localhost1, dataSource=hostM1,statue=ok status -> error status]
2019-12-30 05:37:54: [dataHost=dbserver1, dataSource=hostM1,statue=ok status -> error status]
2019-12-30 05:37:54: [dataHost=dbserver2, dataSource=hostM1,statue=ok status -> error status]
2019-12-30 08:17:55: [dataHost=localhost1, dataSource=hostM1,statue=ok status -> error status]
2019-12-30 08:27:36: [dataHost=localhost1, dataSource=hostM1,statue=ok status -> error status]
2019-12-30 11:50:43: [dataHost=dbserver1, dataSource=hostM1,statue=ok status -> error status]
2019-12-30 11:53:25: [dataHost=dbserver1, dataSource=hostM1,statue=error status -> ok status]
2019-12-30 11:55:15: [dataHost=dbserver1, dataSource=hostM1,statue=ok status -> error status]
2019-12-30 11:55:58: [dataHost=dbserver1, dataSource=hostM1,statue=error status -> ok status]
2019-12-30 11:58:05: [dataHost=dbserver1, dataSource=hostM1,statue=ok status -> error status]
2019-12-30 11:58:34: [dataHost=dbserver1, dataSource=hostM1,statue=error status -> ok status]
2019-12-30 13:43:55: [dataHost=localhost1, dataSource=hostM1,statue=ok status -> error status]
2019-12-30 16:59:00: [dataHost=localhost1, dataSource=hostM1,statue=ok status -> error status]
2019-12-30 18:31:24: [dataHost=dbserver1, dataSource=hostM1,statue=ok status -> error status]
2019-12-30 18:31:27: [dataHost=dbserver2, dataSource=hostM1,statue=ok status -> error status]
2019-12-30 18:32:16: [dataHost=dbserver2, dataSource=hostM1,statue=error status -> ok status]
2019-12-30 18:32:16: [dataHost=dbserver1, dataSource=hostM1,statue=error status -> ok status]
2019-12-30 19:39:28: [dataHost=localhost1, dataSource=hostM1,statue=ok status -> error status]
2019-12-30 21:31:37: [dataHost=localhost1, dataSource=hostM1,statue=ok status -> error status]
2019-12-30 21:32:36: [dataHost=dbserver1, dataSource=hostM1,statue=ok status -> error status]
2019-12-30 21:32:36: [dataHost=dbserver2, dataSource=hostM1,statue=ok status -> error status]
2019-12-30 22:27:20: [dataHost=localhost1, dataSource=hostM1,statue=ok status -> error status]
2019-12-30 22:28:19: [dataHost=dbserver2, dataSource=hostM1,statue=ok status -> error status]
2019-12-30 22:28:19: [dataHost=dbserver1, dataSource=hostM1,statue=ok status -> error status]
